     1                                  global _start                      ; делаем метку метку _start видимой извне
     2                                   
     3                                  section .data                      ; секция данных
     4 00000000 48656C6C6F20776F72-         message db  "Hello world!",10  ; строка для вывода на консоль
     4 00000009 6C64210A           
     5                                      length  equ $ - message
     6                                   
     7                                  section .text                      ; объявление секции кода
     8                                  _start:                            ; точка входа в программу
     9 00000000 B801000000                  mov rax, 1                     ; 1 - номер системного вызова функции write
    10 00000005 BF01000000                  mov rdi, 1                     ; 1 - дескриптор файла стандартного вызова stdout
    11 0000000A 48BE-                       mov rsi, message               ; адрес строки для вывод
    11 0000000C [0000000000000000] 
    12 00000014 BA0D000000                  mov rdx, length                ; количество байтов
    13 00000019 0F05                        syscall                        ; выполняем системный вызов write
    14                                      
    15 0000001B 4883F800                    cmp rax, 0			   ; проверяем, что значение больше нуля
    16 0000001F 7C11                        jl error_exit
    17                                      
    18 00000021 4839D0                      cmp rax, rdx		   ; проверяем, что значение равно длине строки
    19 00000024 750C                        jne error_exit
    20                                   
    21 00000026 B83C000000                  mov rax, 60                    ; 60 - номер системного вызова exit
    22 0000002B BF00000000                  mov rdi, 0
    23 00000030 0F05                        syscall                        ; выполняем системный вызов exit
    24                                     
    25                                  error_exit:			   ;обработка ошибки
    26 00000032 B83C000000                  mov rax, 60		           
    27 00000037 BF01000000                  mov rdi, 1			   ;код возврата -1 (ошибка)
    28 0000003C 0F05                        syscall
